Using pre-set license
Desktop is 1366 x 768 @ 60 Hz

 COMMAND LINE ARGUMENTS:
Unity
-adb2
-batchMode
-noUpm
-name
AssetImportWorker0
-projectPath
/home/julian/unityprojects/ar-vr-portfolio-project
-logFile
Logs/AssetImportWorker0.log
-srvPort
41551
Successfully changed project path to: /home/julian/unityprojects/ar-vr-portfolio-project
/home/julian/unityprojects/ar-vr-portfolio-project
Using Asset Import Pipeline V2.
Refreshing native plugins compatible for Editor in 53,77 ms, found 0 plugins.
Preloading 0 native plugins for Editor in 0,00 ms.
Initialize engine version: 2020.3.12f1 (b3b2c6512326)
[Subsystems] Discovering subsystems at path /home/julian/unityprojects/2020.3.12f1/Editor/Data/Resources/UnitySubsystems
[Subsystems] Discovering subsystems at path /home/julian/unityprojects/ar-vr-portfolio-project/Assets
GLX Extensions: GLX_ARB_create_context GLX_ARB_create_context_no_error GLX_ARB_create_context_profile GLX_ARB_create_context_robustness GLX_ARB_fbconfig_float GLX_ARB_framebuffer_sRGB GLX_ARB_get_proc_address GLX_ARB_multisample GLX_EXT_buffer_age GLX_EXT_create_context_es2_profile GLX_EXT_create_context_es_profile GLX_EXT_fbconfig_packed_float GLX_EXT_framebuffer_sRGB GLX_EXT_import_context GLX_EXT_swap_control GLX_EXT_swap_control_tear GLX_EXT_texture_from_pixmap GLX_EXT_visual_info GLX_EXT_visual_rating GLX_INTEL_swap_event GLX_MESA_copy_sub_buffer GLX_MESA_query_renderer GLX_MESA_swap_control GLX_OML_swap_method GLX_OML_sync_control GLX_SGIS_multisample GLX_SGIX_fbconfig GLX_SGIX_pbuffer GLX_SGIX_visual_select_group GLX_SGI_make_current_read GLX_SGI_swap_control GLX_SGI_video_sync 
Renderer: Mesa Intel(R) HD Graphics 620 (KBL GT2)
Vendor:   Intel
Version:  4.6 (Core Profile) Mesa 21.0.3
GLES:     0
 GL_3DFX_texture_compression_FXT1 GL_AMD_conservative_depth GL_AMD_depth_clamp_separate GL_AMD_draw_buffers_blend GL_AMD_gpu_shader_int64 GL_AMD_multi_draw_indirect GL_AMD_performance_monitor GL_AMD_pinned_memory GL_AMD_query_buffer_object GL_AMD_seamless_cubemap_per_texture GL_AMD_shader_stencil_export GL_AMD_shader_trinary_minmax GL_AMD_texture_texture4 GL_AMD_vertex_shader_layer GL_AMD_vertex_shader_viewport_index GL_ANGLE_texture_compression_dxt3 GL_ANGLE_texture_compression_dxt5 GL_ARB_ES2_compatibility GL_ARB_ES3_1_compatibility GL_ARB_ES3_2_compatibility GL_ARB_ES3_compatibility GL_ARB_arrays_of_arrays GL_ARB_base_instance GL_ARB_blend_func_extended GL_ARB_buffer_storage GL_ARB_clear_buffer_object GL_ARB_clear_texture GL_ARB_clip_control GL_ARB_compressed_texture_pixel_storage GL_ARB_compute_shader GL_ARB_compute_variable_group_size GL_ARB_conditional_render_inverted GL_ARB_conservative_depth GL_ARB_copy_buffer GL_ARB_copy_image GL_ARB_cull_distance GL_ARB_debug_output GL_ARB_depth_buffer_float GL_ARB
_depth_clamp GL_ARB_derivative_control GL_ARB_direct_state_access GL_ARB_draw_buffers GL_ARB_draw_buffers_blend GL_ARB_draw_elements_base_vertex GL_ARB_draw_indirect GL_ARB_draw_instanced GL_ARB_enhanced_layouts GL_ARB_explicit_attrib_location GL_ARB_explicit_uniform_location GL_ARB_fragment_coord_conventions GL_ARB_fragment_layer_viewport GL_ARB_fragment_shader GL_ARB_fragment_shader_interlock GL_ARB_framebuffer_no_attachments GL_ARB_framebuffer_object GL_ARB_framebuffer_sRGB GL_ARB_get_program_binary GL_ARB_get_texture_sub_image GL_ARB_gl_spirv GL_ARB_gpu_shader5 GL_ARB_gpu_shader_fp64 GL_ARB_gpu_shader_int64 GL_ARB_half_float_pixel GL_ARB_half_float_vertex GL_ARB_indirect_parameters GL_ARB_instanced_arrays GL_ARB_internalformat_query GL_ARB_internalformat_query2 GL_ARB_invalidate_subdata GL_ARB_map_buffer_alignment GL_ARB_map_buffer_range GL_ARB_multi_bind GL_ARB_multi_draw_indirect GL_ARB_occlusion_query2 GL_ARB_parallel_shader_compile GL_ARB_pipeline_statistics_query GL_ARB_pixel_buffer_object GL_ARB_po
int_sprite GL_ARB_polygon_offset_clamp GL_ARB_post_depth_coverage GL_ARB_program_interface_query GL_ARB_provoking_vertex GL_ARB_query_buffer_object GL_ARB_robust_buffer_access_behavior GL_ARB_robustness GL_ARB_sample_shading GL_ARB_sampler_objects GL_ARB_seamless_cube_map GL_ARB_seamless_cubemap_per_texture GL_ARB_separate_shader_objects GL_ARB_shader_atomic_counter_ops GL_ARB_shader_atomic_counters GL_ARB_shader_ballot GL_ARB_shader_bit_encoding GL_ARB_shader_clock GL_ARB_shader_draw_parameters GL_ARB_shader_group_vote GL_ARB_shader_image_load_store GL_ARB_shader_image_size GL_ARB_shader_objects GL_ARB_shader_precision GL_ARB_shader_stencil_export GL_ARB_shader_storage_buffer_object GL_ARB_shader_subroutine GL_ARB_shader_texture_image_samples GL_ARB_shader_texture_lod GL_ARB_shader_viewport_layer_array GL_ARB_shading_language_420pack GL_ARB_shading_language_include GL_ARB_shading_language_packing GL_ARB_spirv_extensions GL_ARB_stencil_texturing GL_ARB_sync GL_ARB_tessellation_shader GL_ARB_texture_barrier G
L_ARB_texture_buffer_object GL_ARB_texture_buffer_object_rgb32 GL_ARB_texture_buffer_range GL_ARB_texture_compression_bptc GL_ARB_texture_compression_rgtc GL_ARB_texture_cube_map_array GL_ARB_texture_filter_anisotropic GL_ARB_texture_float GL_ARB_texture_gather GL_ARB_texture_mirror_clamp_to_edge GL_ARB_texture_multisample GL_ARB_texture_non_power_of_two GL_ARB_texture_query_levels GL_ARB_texture_query_lod GL_ARB_texture_rectangle GL_ARB_texture_rg GL_ARB_texture_rgb10_a2ui GL_ARB_texture_stencil8 GL_ARB_texture_storage GL_ARB_texture_storage_multisample GL_ARB_texture_swizzle GL_ARB_texture_view GL_ARB_timer_query GL_ARB_transform_feedback2 GL_ARB_transform_feedback3 GL_ARB_transform_feedback_instanced GL_ARB_transform_feedback_overflow_query GL_ARB_uniform_buffer_object GL_ARB_vertex_array_bgra GL_ARB_vertex_array_object GL_ARB_vertex_attrib_64bit GL_ARB_vertex_attrib_binding GL_ARB_vertex_buffer_object GL_ARB_vertex_shader GL_ARB_vertex_type_10f_11f_11f_rev GL_ARB_vertex_type_2_10_10_10_rev GL_ARB_viewpor
t_array GL_ATI_blend_equation_separate GL_ATI_texture_float GL_EXT_EGL_image_storage GL_EXT_EGL_sync GL_EXT_abgr GL_EXT_blend_equation_separate GL_EXT_demote_to_helper_invocation GL_EXT_draw_buffers2 GL_EXT_draw_instanced GL_EXT_framebuffer_blit GL_EXT_framebuffer_multisample GL_EXT_framebuffer_multisample_blit_scaled GL_EXT_framebuffer_object GL_EXT_framebuffer_sRGB GL_EXT_packed_depth_stencil GL_EXT_packed_float GL_EXT_pixel_buffer_object GL_EXT_polygon_offset_clamp GL_EXT_provoking_vertex GL_EXT_semaphore GL_EXT_semaphore_fd GL_EXT_shader_framebuffer_fetch GL_EXT_shader_framebuffer_fetch_non_coherent GL_EXT_shader_integer_mix GL_EXT_shader_samples_identical GL_EXT_texture_array GL_EXT_texture_compression_dxt1 GL_EXT_texture_compression_rgtc GL_EXT_texture_compression_s3tc GL_EXT_texture_filter_anisotropic GL_EXT_texture_integer GL_EXT_texture_sRGB GL_EXT_texture_sRGB_R8 GL_EXT_texture_sRGB_decode GL_EXT_texture_shadow_lod GL_EXT_texture_shared_exponent GL_EXT_texture_snorm GL_EXT_texture_swizzle GL_EXT_ti
mer_query GL_EXT_transform_feedback GL_EXT_vertex_array_bgra GL_EXT_vertex_attrib_64bit GL_IBM_multimode_draw_arrays GL_INTEL_blackhole_render GL_INTEL_conservative_rasterization GL_INTEL_performance_query GL_INTEL_shader_atomic_float_minmax GL_INTEL_shader_integer_functions2 GL_KHR_blend_equation_advanced GL_KHR_blend_equation_advanced_coherent GL_KHR_context_flush_control GL_KHR_debug GL_KHR_no_error GL_KHR_parallel_shader_compile GL_KHR_robust_buffer_access_behavior GL_KHR_robustness GL_KHR_texture_compression_astc_ldr GL_KHR_texture_compression_astc_sliced_3d GL_MESA_framebuffer_flip_y GL_MESA_pack_invert GL_MESA_shader_integer_functions GL_MESA_texture_signed_rgba GL_NV_compute_shader_derivatives GL_NV_conditional_render GL_NV_copy_image GL_NV_depth_clamp GL_NV_fragment_shader_interlock GL_NV_packed_depth_stencil GL_NV_texture_barrier GL_OES_EGL_image GL_S3_s3tc
OPENGL LOG: Creating OpenGL 4.6 graphics device ; Context level  <OpenGL 4.5> ; Context handle -1662863968
Initialize mono
Mono path[0] = '/home/julian/unityprojects/2020.3.12f1/Editor/Data/Managed'
Mono path[1] = '/home/julian/unityprojects/2020.3.12f1/Editor/Data/MonoBleedingEdge/lib/mono/unityjit'
Mono config path = '/home/julian/unityprojects/2020.3.12f1/Editor/Data/MonoBleedingEdge/etc'
Using monoOptions --debugger-agent=transport=dt_socket,embedding=1,server=y,suspend=n,address=127.0.0.1:56967
Begin MonoManager ReloadAssembly
Registering precompiled unity dll's ...
Register platform support module: /home/julian/unityprojects/2020.3.12f1/Editor/Data/PlaybackEngines/WebGLSupport/UnityEditor.WebGL.Extensions.dll
Register platform support module: /home/julian/unityprojects/2020.3.12f1/Editor/Data/PlaybackEngines/WindowsStandaloneSupport/UnityEditor.WindowsStandalone.Extensions.dll
Register platform support module: /home/julian/unityprojects/2020.3.12f1/Editor/Data/PlaybackEngines/LinuxStandaloneSupport/UnityEditor.LinuxStandalone.Extensions.dll
Registered in 0,001667 seconds.
Native extension for LinuxStandalone target not found
Native extension for WindowsStandalone target not found
Native extension for WebGL target not found
Refreshing native plugins compatible for Editor in 32,66 ms, found 0 plugins.
Preloading 0 native plugins for Editor in 0,00 ms.
Mono: successfully reloaded assembly
- Completed reload, in  1,839 seconds
Platform modules already initialized, skipping
Registering precompiled user dll's ...
Registered in 0,002752 seconds.
Begin MonoManager ReloadAssembly
Native extension for LinuxStandalone target not found
Native extension for WindowsStandalone target not found
Native extension for WebGL target not found
Refreshing native plugins compatible for Editor in 0,34 ms, found 0 plugins.
Preloading 0 native plugins for Editor in 0,00 ms.
Mono: successfully reloaded assembly
- Completed reload, in  1,136 seconds
Platform modules already initialized, skipping
========================================================================
Worker process is ready to serve import requests
Launched and connected shader compiler UnityShaderCompiler after 0.01 seconds
Refreshing native plugins compatible for Editor in 0,32 ms, found 0 plugins.
Preloading 0 native plugins for Editor in 0,00 ms.
Unloading 1386 Unused Serialized files (Serialized files now loaded: 0)
System memory in use before: 59,6 MB.
System memory in use after: 59,6 MB.

Unloading 18 unused Assets to reduce memory usage. Loaded Objects now: 1826.
Total: 3,707075 ms (FindLiveObjects: 0,235263 ms CreateObjectMapping: 0,086844 ms MarkObjects: 3,141556 ms  DeleteObjects: 0,241591 ms)

AssetImportParameters requested are different than current active one (requested -> active):
  custom:video-decoder-ogg-theora: a1e56fd34408186e4bbccfd4996cb3dc -> 
  custom:container-muxer-webm: aa71ff27fc2769a1b78a27578f13a17b -> 
  custom:container-demuxer-webm: 4f35f7cbe854078d1ac9338744f61a02 -> 
  custom:container-demuxer-ogg: 62fdf1f143b41e24485cea50d1cbac27 -> 
  custom:video-encoder-webm-vp8: eb34c28f22e8b96e1ab97ce403110664 -> 
  custom:video-decoder-webm-vp8: 9c59270c3fd7afecdb556c50c9e8de78 -> 
  custom:audio-decoder-ogg-vorbis: bf7c407c2cedff20999df2af8eb42d56 -> 
  custom:audio-encoder-webm-vorbis: bf7c407c2cedff20999df2af8eb42d56 -> 
========================================================================
Received Import Request.
  path: Assets/Animators
  artifactKey: Guid(1e3bbe8a932d4427f9a99916e7f555df) Importer(815301076,1909f56bfc062723c751e8b465ee728b)
Start importing Assets/Animators using Guid(1e3bbe8a932d4427f9a99916e7f555df) Importer(815301076,1909f56bfc062723c751e8b465ee728b)  -> (artifact id: '9f5c336426747e1bb58ecfc4e6819789') in 0,003864 seconds 
  Import took 0,006959 seconds .

========================================================================
Received Import Request.
  Time since last request: 2,020378 seconds.
  path: Assets/Animations
  artifactKey: Guid(9b371c8375f5afba383eb1e8bcc4c1df) Importer(815301076,1909f56bfc062723c751e8b465ee728b)
Start importing Assets/Animations using Guid(9b371c8375f5afba383eb1e8bcc4c1df) Importer(815301076,1909f56bfc062723c751e8b465ee728b)  -> (artifact id: '70d7cbe6b914c5c8baf78bb06e07596f') in 0,001451 seconds 
  Import took 0,004889 seconds .

========================================================================
Received Import Request.
  Time since last request: 9,892789 seconds.
  path: Assets/FBX
  artifactKey: Guid(635d87e9214155a389b2db0a80596e23) Importer(815301076,1909f56bfc062723c751e8b465ee728b)
Start importing Assets/FBX using Guid(635d87e9214155a389b2db0a80596e23) Importer(815301076,1909f56bfc062723c751e8b465ee728b)  -> (artifact id: '23e9061d5ef42cbe0c5dd8900191a78e') in 0,001312 seconds 
  Import took 0,004416 seconds .

========================================================================
Received Import Request.
  Time since last request: 10,393706 seconds.
  path: Assets/FBX/Action Idle To Standing Idle.fbx
  artifactKey: Guid(dd22100549df09e69aa1ddf072b128a5) Importer(815301076,1909f56bfc062723c751e8b465ee728b)
Start importing Assets/FBX/Action Idle To Standing Idle.fbx using Guid(dd22100549df09e69aa1ddf072b128a5) Importer(815301076,1909f56bfc062723c751e8b465ee728b)  -> (artifact id: '0a340836ac7c9a315c8f8463b1c33362') in 1,590270 seconds 
  Import took 1,595769 seconds .

========================================================================
Received Import Request.
  Time since last request: 0,000322 seconds.
  path: Assets/FBX/Character_00.fbx
  artifactKey: Guid(06dccc300dce95ae0aba6bd02d2d7a74) Importer(815301076,1909f56bfc062723c751e8b465ee728b)
Start importing Assets/FBX/Character_00.fbx using Guid(06dccc300dce95ae0aba6bd02d2d7a74) Importer(815301076,1909f56bfc062723c751e8b465ee728b)  -> (artifact id: '6edd9b394c53a754589ad6eda64aae7d') in 0,063206 seconds 
  Import took 0,066914 seconds .

========================================================================
Received Import Request.
  Time since last request: 0,000203 seconds.
  path: Assets/FBX/Running.fbx
  artifactKey: Guid(584dc89c0f6b0313099cafbd01c016b0) Importer(815301076,1909f56bfc062723c751e8b465ee728b)
Start importing Assets/FBX/Running.fbx using Guid(584dc89c0f6b0313099cafbd01c016b0) Importer(815301076,1909f56bfc062723c751e8b465ee728b)  -> (artifact id: '2a96974be7bc840682af750b109f2897') in 0,067651 seconds 
  Import took 0,071076 seconds .

========================================================================
Received Import Request.
  Time since last request: 0,000289 seconds.
  path: Assets/FBX/Jumping Up.fbx
  artifactKey: Guid(b80b5622b77ef770f91aa2fba25c266c) Importer(815301076,1909f56bfc062723c751e8b465ee728b)
Start importing Assets/FBX/Jumping Up.fbx using Guid(b80b5622b77ef770f91aa2fba25c266c) Importer(815301076,1909f56bfc062723c751e8b465ee728b)  -> (artifact id: '899a15b5b76fa74fa9e778b4835191b4') in 0,058470 seconds 
  Import took 0,061151 seconds .

========================================================================
Received Import Request.
  Time since last request: 0,001322 seconds.
  path: Assets/FBX/Jumping Up.fbx
  artifactKey: Guid(b80b5622b77ef770f91aa2fba25c266c) Importer(815301076,1909f56bfc062723c751e8b465ee728b)
Start importing Assets/FBX/Jumping Up.fbx using Guid(b80b5622b77ef770f91aa2fba25c266c) Importer(815301076,1909f56bfc062723c751e8b465ee728b)  -> (artifact id: '899a15b5b76fa74fa9e778b4835191b4') in 0,060585 seconds 
  Import took 0,063780 seconds .

========================================================================
Received Import Request.
  Time since last request: 27,172419 seconds.
  path: Assets/FBX/Character_00.fbx
  artifactKey: Guid(06dccc300dce95ae0aba6bd02d2d7a74) Importer(815301076,1909f56bfc062723c751e8b465ee728b)
Start importing Assets/FBX/Character_00.fbx using Guid(06dccc300dce95ae0aba6bd02d2d7a74) Importer(815301076,1909f56bfc062723c751e8b465ee728b)  -> (artifact id: 'a6a8a1eeb2ed9e628d0d744019d80c2b') in 0,050950 seconds 
  Import took 0,054135 seconds .

========================================================================
Received Import Request.
  Time since last request: 22,110947 seconds.
  path: Assets/FBX/Character_00.fbx
  artifactKey: Guid(06dccc300dce95ae0aba6bd02d2d7a74) Importer(815301076,1909f56bfc062723c751e8b465ee728b)
Start importing Assets/FBX/Character_00.fbx using Guid(06dccc300dce95ae0aba6bd02d2d7a74) Importer(815301076,1909f56bfc062723c751e8b465ee728b)  -> (artifact id: 'bc435c58b1855fec3da2b09844879092') in 0,098493 seconds 
  Import took 0,104677 seconds .

========================================================================
Received Import Request.
  Time since last request: 0,027371 seconds.
  path: Assets/FBX/Character_00.fbx
  artifactKey: Guid(06dccc300dce95ae0aba6bd02d2d7a74) Importer(815301076,1909f56bfc062723c751e8b465ee728b)
Start importing Assets/FBX/Character_00.fbx using Guid(06dccc300dce95ae0aba6bd02d2d7a74) Importer(815301076,1909f56bfc062723c751e8b465ee728b)  -> (artifact id: 'bc435c58b1855fec3da2b09844879092') in 0,068956 seconds 
  Import took 0,073315 seconds .

========================================================================
Received Import Request.
  Time since last request: 2,995285 seconds.
  path: Assets/FBX/Character_00.fbx
  artifactKey: Guid(06dccc300dce95ae0aba6bd02d2d7a74) Importer(815301076,1909f56bfc062723c751e8b465ee728b)
Start importing Assets/FBX/Character_00.fbx using Guid(06dccc300dce95ae0aba6bd02d2d7a74) Importer(815301076,1909f56bfc062723c751e8b465ee728b)  -> (artifact id: '43d77095b88da049422d9d5cb90f719a') in 0,070878 seconds 
  Import took 0,074110 seconds .

========================================================================
Received Import Request.
  Time since last request: 201,472647 seconds.
  path: Assets/Animators/CharacterAnimator.controller
  artifactKey: Guid(25834e27e82a319d7b3def1134c7bcd0) Importer(815301076,1909f56bfc062723c751e8b465ee728b)
Start importing Assets/Animators/CharacterAnimator.controller using Guid(25834e27e82a319d7b3def1134c7bcd0) Importer(815301076,1909f56bfc062723c751e8b465ee728b)  -> (artifact id: '61cf6f0cf4b1b34f0423e2adf261a6d8') in 0,003208 seconds 
  Import took 0,005773 seconds .

========================================================================
Received Prepare
Registering precompiled user dll's ...
Registered in 0,008967 seconds.
Begin MonoManager ReloadAssembly
Native extension for LinuxStandalone target not found
Native extension for WindowsStandalone target not found
Native extension for WebGL target not found
Refreshing native plugins compatible for Editor in 1,22 ms, found 0 plugins.
Preloading 0 native plugins for Editor in 0,00 ms.
Mono: successfully reloaded assembly
- Completed reload, in  2,717 seconds
Platform modules already initialized, skipping
Refreshing native plugins compatible for Editor in 0,53 ms, found 0 plugins.
Preloading 0 native plugins for Editor in 0,00 ms.
Unloading 1380 Unused Serialized files (Serialized files now loaded: 0)
System memory in use before: 61,4 MB.
System memory in use after: 61,4 MB.

Unloading 13 unused Assets to reduce memory usage. Loaded Objects now: 1872.
Total: 13,088798 ms (FindLiveObjects: 0,426278 ms CreateObjectMapping: 0,196299 ms MarkObjects: 12,360574 ms  DeleteObjects: 0,101245 ms)

AssetImportParameters requested are different than current active one (requested -> active):
  custom:video-decoder-ogg-theora: a1e56fd34408186e4bbccfd4996cb3dc -> 
  custom:container-muxer-webm: aa71ff27fc2769a1b78a27578f13a17b -> 
  custom:container-demuxer-webm: 4f35f7cbe854078d1ac9338744f61a02 -> 
  custom:container-demuxer-ogg: 62fdf1f143b41e24485cea50d1cbac27 -> 
  custom:video-encoder-webm-vp8: eb34c28f22e8b96e1ab97ce403110664 -> 
  custom:video-decoder-webm-vp8: 9c59270c3fd7afecdb556c50c9e8de78 -> 
  custom:audio-decoder-ogg-vorbis: bf7c407c2cedff20999df2af8eb42d56 -> 
  custom:audio-encoder-webm-vorbis: bf7c407c2cedff20999df2af8eb42d56 -> 
========================================================================
Received Import Request.
  Time since last request: 198,766455 seconds.
  path: Assets/Prefabs/Player.prefab
  artifactKey: Guid(259ac083062045177acf3d2b38afb444) Importer(815301076,1909f56bfc062723c751e8b465ee728b)
Start importing Assets/Prefabs/Player.prefab using Guid(259ac083062045177acf3d2b38afb444) Importer(815301076,1909f56bfc062723c751e8b465ee728b) The Animator Controller (CharacterAnimator) you have used is not valid. Animations will not play
UnityEngine.StackTraceUtility:ExtractStackTrace () (at /home/bokken/buildslave/unity/build/Runtime/Export/Scripting/StackTrace.cs:37)
UnityEditor.EditorUtility:Internal_InstantiateRemoveAllNonAnimationComponentsSingle (UnityEngine.Object,UnityEngine.Vector3,UnityEngine.Quaternion)
UnityEditor.EditorUtility:InstantiateRemoveAllNonAnimationComponents (UnityEngine.Object,UnityEngine.Vector3,UnityEngine.Quaternion) (at /home/bokken/buildslave/unity/build/Editor/Mono/EditorUtility.cs:636)
UnityEditor.EditorUtility:InstantiateForAnimatorPreview (UnityEngine.Object) (at /home/bokken/buildslave/unity/build/Editor/Mono/EditorUtility.cs:602)
UnityEditor.GameObjectInspector/PreviewData:UpdateGameObject (UnityEngine.Object) (at /home/bokken/buildslave/unity/build/Editor/Mono/Inspector/GameObjectInspector.cs:97)
UnityEditor.GameObjectInspector/PreviewData:.ctor (UnityEngine.Object) (at /home/bokken/buildslave/unity/build/Editor/Mono/Inspector/GameObjectInspector.cs:91)
UnityEditor.GameObjectInspector:GetPreviewData () (at /home/bokken/buildslave/unity/build/Editor/Mono/Inspector/GameObjectInspector.cs:615)
UnityEditor.GameObjectInspector:RenderStaticPreview (string,UnityEngine.Object[],int,int) (at /home/bokken/buildslave/unity/build/Editor/Mono/Inspector/GameObjectInspector.cs:860)
UnityEditor.AssetPreviewUpdater:CreatePreviewForAsset (UnityEngine.Object,UnityEngine.Object[],string) (at /home/bokken/buildslave/unity/build/Editor/Mono/AssetPreviewUpdater.cs:33)

[/home/bokken/buildslave/unity/build/Runtime/Export/Scripting/StackTrace.cs line 37]

The Animator Controller (CharacterAnimator) you have used is not valid. Animations will not play
UnityEngine.StackTraceUtility:ExtractStackTrace () (at /home/bokken/buildslave/unity/build/Runtime/Export/Scripting/StackTrace.cs:37)
UnityEditor.EditorUtility:InitInstantiatedPreviewRecursive (UnityEngine.GameObject) (at /home/bokken/buildslave/unity/build/Editor/Mono/EditorUtility.cs:591)
UnityEditor.EditorUtility:InstantiateForAnimatorPreview (UnityEngine.Object) (at /home/bokken/buildslave/unity/build/Editor/Mono/EditorUtility.cs:605)
UnityEditor.GameObjectInspector/PreviewData:UpdateGameObject (UnityEngine.Object) (at /home/bokken/buildslave/unity/build/Editor/Mono/Inspector/GameObjectInspector.cs:97)
UnityEditor.GameObjectInspector/PreviewData:.ctor (UnityEngine.Object) (at /home/bokken/buildslave/unity/build/Editor/Mono/Inspector/GameObjectInspector.cs:91)
UnityEditor.GameObjectInspector:GetPreviewData () (at /home/bokken/buildslave/unity/build/Editor/Mono/Inspector/GameObjectInspector.cs:615)
UnityEditor.GameObjectInspector:RenderStaticPreview (string,UnityEngine.Object[],int,int) (at /home/bokken/buildslave/unity/build/Editor/Mono/Inspector/GameObjectInspector.cs:860)
UnityEditor.AssetPreviewUpdater:CreatePreviewForAsset (UnityEngine.Object,UnityEngine.Object[],string) (at /home/bokken/buildslave/unity/build/Editor/Mono/AssetPreviewUpdater.cs:33)

[/home/bokken/buildslave/unity/build/Runtime/Export/Scripting/StackTrace.cs line 37]

 -> (artifact id: '77a38bb222dc0be3211471481253b664') in 0,343663 seconds 
  Import took 0,354849 seconds .

========================================================================
Received Import Request.
  Time since last request: 67,677140 seconds.
  path: Assets/FBX/Character_00.fbx
  artifactKey: Guid(06dccc300dce95ae0aba6bd02d2d7a74) Importer(815301076,1909f56bfc062723c751e8b465ee728b)
Start importing Assets/FBX/Character_00.fbx using Guid(06dccc300dce95ae0aba6bd02d2d7a74) Importer(815301076,1909f56bfc062723c751e8b465ee728b)  -> (artifact id: 'c4bd0b27724ecf3b06730fbe98028d2f') in 0,256356 seconds 
  Import took 0,269716 seconds .

========================================================================
Received Prepare
Registering precompiled user dll's ...
Registered in 0,005513 seconds.
Begin MonoManager ReloadAssembly
Native extension for LinuxStandalone target not found
Native extension for WindowsStandalone target not found
Native extension for WebGL target not found
Refreshing native plugins compatible for Editor in 0,75 ms, found 0 plugins.
Preloading 0 native plugins for Editor in 0,00 ms.
Mono: successfully reloaded assembly
- Completed reload, in  2,628 seconds
Platform modules already initialized, skipping
Refreshing native plugins compatible for Editor in 0,65 ms, found 0 plugins.
Preloading 0 native plugins for Editor in 0,00 ms.
Unloading 1380 Unused Serialized files (Serialized files now loaded: 0)
System memory in use before: 61,6 MB.
System memory in use after: 61,6 MB.

Unloading 13 unused Assets to reduce memory usage. Loaded Objects now: 1876.
Total: 8,528320 ms (FindLiveObjects: 1,578209 ms CreateObjectMapping: 0,500792 ms MarkObjects: 6,346101 ms  DeleteObjects: 0,097913 ms)

AssetImportParameters requested are different than current active one (requested -> active):
  custom:video-decoder-ogg-theora: a1e56fd34408186e4bbccfd4996cb3dc -> 
  custom:container-muxer-webm: aa71ff27fc2769a1b78a27578f13a17b -> 
  custom:container-demuxer-webm: 4f35f7cbe854078d1ac9338744f61a02 -> 
  custom:container-demuxer-ogg: 62fdf1f143b41e24485cea50d1cbac27 -> 
  custom:video-encoder-webm-vp8: eb34c28f22e8b96e1ab97ce403110664 -> 
  custom:video-decoder-webm-vp8: 9c59270c3fd7afecdb556c50c9e8de78 -> 
  custom:audio-decoder-ogg-vorbis: bf7c407c2cedff20999df2af8eb42d56 -> 
  custom:audio-encoder-webm-vorbis: bf7c407c2cedff20999df2af8eb42d56 -> 
========================================================================
Received Prepare
Registering precompiled user dll's ...
Registered in 0,008113 seconds.
Begin MonoManager ReloadAssembly
Native extension for LinuxStandalone target not found
Native extension for WindowsStandalone target not found
Native extension for WebGL target not found
Refreshing native plugins compatible for Editor in 0,59 ms, found 0 plugins.
Preloading 0 native plugins for Editor in 0,00 ms.
Mono: successfully reloaded assembly
- Completed reload, in  2,418 seconds
Platform modules already initialized, skipping
Refreshing native plugins compatible for Editor in 0,95 ms, found 0 plugins.
Preloading 0 native plugins for Editor in 0,00 ms.
Unloading 1380 Unused Serialized files (Serialized files now loaded: 0)
System memory in use before: 61,6 MB.
System memory in use after: 61,6 MB.

Unloading 13 unused Assets to reduce memory usage. Loaded Objects now: 1879.
Total: 4,071965 ms (FindLiveObjects: 0,200721 ms CreateObjectMapping: 0,086299 ms MarkObjects: 3,692321 ms  DeleteObjects: 0,090223 ms)

AssetImportParameters requested are different than current active one (requested -> active):
  custom:video-decoder-ogg-theora: a1e56fd34408186e4bbccfd4996cb3dc -> 
  custom:container-muxer-webm: aa71ff27fc2769a1b78a27578f13a17b -> 
  custom:container-demuxer-webm: 4f35f7cbe854078d1ac9338744f61a02 -> 
  custom:container-demuxer-ogg: 62fdf1f143b41e24485cea50d1cbac27 -> 
  custom:video-encoder-webm-vp8: eb34c28f22e8b96e1ab97ce403110664 -> 
  custom:video-decoder-webm-vp8: 9c59270c3fd7afecdb556c50c9e8de78 -> 
  custom:audio-decoder-ogg-vorbis: bf7c407c2cedff20999df2af8eb42d56 -> 
  custom:audio-encoder-webm-vorbis: bf7c407c2cedff20999df2af8eb42d56 -> 
========================================================================
Received Import Request.
  Time since last request: 376,603542 seconds.
  path: Assets/FBX/Idle.fbx
  artifactKey: Guid(5875816b718cdb4aeafb50980552f58c) Importer(815301076,1909f56bfc062723c751e8b465ee728b)
Start importing Assets/FBX/Idle.fbx using Guid(5875816b718cdb4aeafb50980552f58c) Importer(815301076,1909f56bfc062723c751e8b465ee728b)  -> (artifact id: 'ae24bb6a5e213a6b4673b6a7e8e6d4fd') in 0,449045 seconds 
  Import took 0,457560 seconds .

========================================================================
Received Import Request.
  Time since last request: 0,006027 seconds.
  path: Assets/FBX/Idle.fbx
  artifactKey: Guid(5875816b718cdb4aeafb50980552f58c) Importer(815301076,1909f56bfc062723c751e8b465ee728b)
Start importing Assets/FBX/Idle.fbx using Guid(5875816b718cdb4aeafb50980552f58c) Importer(815301076,1909f56bfc062723c751e8b465ee728b)  -> (artifact id: 'ae24bb6a5e213a6b4673b6a7e8e6d4fd') in 0,182074 seconds 
  Import took 0,192251 seconds .

========================================================================
Received Import Request.
  Time since last request: 67,102591 seconds.
  path: Assets/FBX/Idle.fbx
  artifactKey: Guid(5875816b718cdb4aeafb50980552f58c) Importer(815301076,1909f56bfc062723c751e8b465ee728b)
Start importing Assets/FBX/Idle.fbx using Guid(5875816b718cdb4aeafb50980552f58c) Importer(815301076,1909f56bfc062723c751e8b465ee728b)  -> (artifact id: '37017c77626d953e60d48073731ba485') in 0,197841 seconds 
  Import took 0,202147 seconds .

========================================================================
Received Import Request.
  Time since last request: 104,601461 seconds.
  path: Assets/Prefabs/Player 1.prefab
  artifactKey: Guid(80058c3837aca9d51b4434f03fe8e170) Importer(815301076,1909f56bfc062723c751e8b465ee728b)
Start importing Assets/Prefabs/Player 1.prefab using Guid(80058c3837aca9d51b4434f03fe8e170) Importer(815301076,1909f56bfc062723c751e8b465ee728b) The Animator Controller (CharacterAnimator) you have used is not valid. Animations will not play
UnityEngine.StackTraceUtility:ExtractStackTrace () (at /home/bokken/buildslave/unity/build/Runtime/Export/Scripting/StackTrace.cs:37)
UnityEditor.EditorUtility:Internal_InstantiateRemoveAllNonAnimationComponentsSingle (UnityEngine.Object,UnityEngine.Vector3,UnityEngine.Quaternion)
UnityEditor.EditorUtility:InstantiateRemoveAllNonAnimationComponents (UnityEngine.Object,UnityEngine.Vector3,UnityEngine.Quaternion) (at /home/bokken/buildslave/unity/build/Editor/Mono/EditorUtility.cs:636)
UnityEditor.EditorUtility:InstantiateForAnimatorPreview (UnityEngine.Object) (at /home/bokken/buildslave/unity/build/Editor/Mono/EditorUtility.cs:602)
UnityEditor.GameObjectInspector/PreviewData:UpdateGameObject (UnityEngine.Object) (at /home/bokken/buildslave/unity/build/Editor/Mono/Inspector/GameObjectInspector.cs:97)
UnityEditor.GameObjectInspector/PreviewData:.ctor (UnityEngine.Object) (at /home/bokken/buildslave/unity/build/Editor/Mono/Inspector/GameObjectInspector.cs:91)
UnityEditor.GameObjectInspector:GetPreviewData () (at /home/bokken/buildslave/unity/build/Editor/Mono/Inspector/GameObjectInspector.cs:615)
UnityEditor.GameObjectInspector:RenderStaticPreview (string,UnityEngine.Object[],int,int) (at /home/bokken/buildslave/unity/build/Editor/Mono/Inspector/GameObjectInspector.cs:860)
UnityEditor.AssetPreviewUpdater:CreatePreviewForAsset (UnityEngine.Object,UnityEngine.Object[],string) (at /home/bokken/buildslave/unity/build/Editor/Mono/AssetPreviewUpdater.cs:33)

[/home/bokken/buildslave/unity/build/Runtime/Export/Scripting/StackTrace.cs line 37]

The Animator Controller (CharacterAnimator) you have used is not valid. Animations will not play
UnityEngine.StackTraceUtility:ExtractStackTrace () (at /home/bokken/buildslave/unity/build/Runtime/Export/Scripting/StackTrace.cs:37)
UnityEditor.EditorUtility:InitInstantiatedPreviewRecursive (UnityEngine.GameObject) (at /home/bokken/buildslave/unity/build/Editor/Mono/EditorUtility.cs:591)
UnityEditor.EditorUtility:InstantiateForAnimatorPreview (UnityEngine.Object) (at /home/bokken/buildslave/unity/build/Editor/Mono/EditorUtility.cs:605)
UnityEditor.GameObjectInspector/PreviewData:UpdateGameObject (UnityEngine.Object) (at /home/bokken/buildslave/unity/build/Editor/Mono/Inspector/GameObjectInspector.cs:97)
UnityEditor.GameObjectInspector/PreviewData:.ctor (UnityEngine.Object) (at /home/bokken/buildslave/unity/build/Editor/Mono/Inspector/GameObjectInspector.cs:91)
UnityEditor.GameObjectInspector:GetPreviewData () (at /home/bokken/buildslave/unity/build/Editor/Mono/Inspector/GameObjectInspector.cs:615)
UnityEditor.GameObjectInspector:RenderStaticPreview (string,UnityEngine.Object[],int,int) (at /home/bokken/buildslave/unity/build/Editor/Mono/Inspector/GameObjectInspector.cs:860)
UnityEditor.AssetPreviewUpdater:CreatePreviewForAsset (UnityEngine.Object,UnityEngine.Object[],string) (at /home/bokken/buildslave/unity/build/Editor/Mono/AssetPreviewUpdater.cs:33)

[/home/bokken/buildslave/unity/build/Runtime/Export/Scripting/StackTrace.cs line 37]

 -> (artifact id: '5b396833c8e36284d7ec81fb57b48f37') in 0,065755 seconds 
  Import took 0,070302 seconds .

========================================================================
Received Import Request.
  Time since last request: 0,000135 seconds.
  path: Assets/Prefabs/Player.prefab
  artifactKey: Guid(259ac083062045177acf3d2b38afb444) Importer(815301076,1909f56bfc062723c751e8b465ee728b)
Start importing Assets/Prefabs/Player.prefab using Guid(259ac083062045177acf3d2b38afb444) Importer(815301076,1909f56bfc062723c751e8b465ee728b) The Animator Controller (CharacterAnimator) you have used is not valid. Animations will not play
UnityEngine.StackTraceUtility:ExtractStackTrace () (at /home/bokken/buildslave/unity/build/Runtime/Export/Scripting/StackTrace.cs:37)
UnityEditor.EditorUtility:Internal_InstantiateRemoveAllNonAnimationComponentsSingle (UnityEngine.Object,UnityEngine.Vector3,UnityEngine.Quaternion)
UnityEditor.EditorUtility:InstantiateRemoveAllNonAnimationComponents (UnityEngine.Object,UnityEngine.Vector3,UnityEngine.Quaternion) (at /home/bokken/buildslave/unity/build/Editor/Mono/EditorUtility.cs:636)
UnityEditor.EditorUtility:InstantiateForAnimatorPreview (UnityEngine.Object) (at /home/bokken/buildslave/unity/build/Editor/Mono/EditorUtility.cs:602)
UnityEditor.GameObjectInspector/PreviewData:UpdateGameObject (UnityEngine.Object) (at /home/bokken/buildslave/unity/build/Editor/Mono/Inspector/GameObjectInspector.cs:97)
UnityEditor.GameObjectInspector/PreviewData:.ctor (UnityEngine.Object) (at /home/bokken/buildslave/unity/build/Editor/Mono/Inspector/GameObjectInspector.cs:91)
UnityEditor.GameObjectInspector:GetPreviewData () (at /home/bokken/buildslave/unity/build/Editor/Mono/Inspector/GameObjectInspector.cs:615)
UnityEditor.GameObjectInspector:RenderStaticPreview (string,UnityEngine.Object[],int,int) (at /home/bokken/buildslave/unity/build/Editor/Mono/Inspector/GameObjectInspector.cs:860)
UnityEditor.AssetPreviewUpdater:CreatePreviewForAsset (UnityEngine.Object,UnityEngine.Object[],string) (at /home/bokken/buildslave/unity/build/Editor/Mono/AssetPreviewUpdater.cs:33)

[/home/bokken/buildslave/unity/build/Runtime/Export/Scripting/StackTrace.cs line 37]

The Animator Controller (CharacterAnimator) you have used is not valid. Animations will not play
UnityEngine.StackTraceUtility:ExtractStackTrace () (at /home/bokken/buildslave/unity/build/Runtime/Export/Scripting/StackTrace.cs:37)
UnityEditor.EditorUtility:InitInstantiatedPreviewRecursive (UnityEngine.GameObject) (at /home/bokken/buildslave/unity/build/Editor/Mono/EditorUtility.cs:591)
UnityEditor.EditorUtility:InstantiateForAnimatorPreview (UnityEngine.Object) (at /home/bokken/buildslave/unity/build/Editor/Mono/EditorUtility.cs:605)
UnityEditor.GameObjectInspector/PreviewData:UpdateGameObject (UnityEngine.Object) (at /home/bokken/buildslave/unity/build/Editor/Mono/Inspector/GameObjectInspector.cs:97)
UnityEditor.GameObjectInspector/PreviewData:.ctor (UnityEngine.Object) (at /home/bokken/buildslave/unity/build/Editor/Mono/Inspector/GameObjectInspector.cs:91)
UnityEditor.GameObjectInspector:GetPreviewData () (at /home/bokken/buildslave/unity/build/Editor/Mono/Inspector/GameObjectInspector.cs:615)
UnityEditor.GameObjectInspector:RenderStaticPreview (string,UnityEngine.Object[],int,int) (at /home/bokken/buildslave/unity/build/Editor/Mono/Inspector/GameObjectInspector.cs:860)
UnityEditor.AssetPreviewUpdater:CreatePreviewForAsset (UnityEngine.Object,UnityEngine.Object[],string) (at /home/bokken/buildslave/unity/build/Editor/Mono/AssetPreviewUpdater.cs:33)

[/home/bokken/buildslave/unity/build/Runtime/Export/Scripting/StackTrace.cs line 37]

 -> (artifact id: '08380384edc99a4e16cce0b807bfbe5d') in 0,048863 seconds 
  Import took 0,056879 seconds .

========================================================================
Received Import Request.
  Time since last request: 12,130629 seconds.
  path: Assets/Prefabs/Player.prefab
  artifactKey: Guid(80058c3837aca9d51b4434f03fe8e170) Importer(815301076,1909f56bfc062723c751e8b465ee728b)
Start importing Assets/Prefabs/Player.prefab using Guid(80058c3837aca9d51b4434f03fe8e170) Importer(815301076,1909f56bfc062723c751e8b465ee728b) The Animator Controller (CharacterAnimator) you have used is not valid. Animations will not play
UnityEngine.StackTraceUtility:ExtractStackTrace () (at /home/bokken/buildslave/unity/build/Runtime/Export/Scripting/StackTrace.cs:37)
UnityEditor.EditorUtility:Internal_InstantiateRemoveAllNonAnimationComponentsSingle (UnityEngine.Object,UnityEngine.Vector3,UnityEngine.Quaternion)
UnityEditor.EditorUtility:InstantiateRemoveAllNonAnimationComponents (UnityEngine.Object,UnityEngine.Vector3,UnityEngine.Quaternion) (at /home/bokken/buildslave/unity/build/Editor/Mono/EditorUtility.cs:636)
UnityEditor.EditorUtility:InstantiateForAnimatorPreview (UnityEngine.Object) (at /home/bokken/buildslave/unity/build/Editor/Mono/EditorUtility.cs:602)
UnityEditor.GameObjectInspector/PreviewData:UpdateGameObject (UnityEngine.Object) (at /home/bokken/buildslave/unity/build/Editor/Mono/Inspector/GameObjectInspector.cs:97)
UnityEditor.GameObjectInspector/PreviewData:.ctor (UnityEngine.Object) (at /home/bokken/buildslave/unity/build/Editor/Mono/Inspector/GameObjectInspector.cs:91)
UnityEditor.GameObjectInspector:GetPreviewData () (at /home/bokken/buildslave/unity/build/Editor/Mono/Inspector/GameObjectInspector.cs:615)
UnityEditor.GameObjectInspector:RenderStaticPreview (string,UnityEngine.Object[],int,int) (at /home/bokken/buildslave/unity/build/Editor/Mono/Inspector/GameObjectInspector.cs:860)
UnityEditor.AssetPreviewUpdater:CreatePreviewForAsset (UnityEngine.Object,UnityEngine.Object[],string) (at /home/bokken/buildslave/unity/build/Editor/Mono/AssetPreviewUpdater.cs:33)

[/home/bokken/buildslave/unity/build/Runtime/Export/Scripting/StackTrace.cs line 37]

The Animator Controller (CharacterAnimator) you have used is not valid. Animations will not play
UnityEngine.StackTraceUtility:ExtractStackTrace () (at /home/bokken/buildslave/unity/build/Runtime/Export/Scripting/StackTrace.cs:37)
UnityEditor.EditorUtility:InitInstantiatedPreviewRecursive (UnityEngine.GameObject) (at /home/bokken/buildslave/unity/build/Editor/Mono/EditorUtility.cs:591)
UnityEditor.EditorUtility:InstantiateForAnimatorPreview (UnityEngine.Object) (at /home/bokken/buildslave/unity/build/Editor/Mono/EditorUtility.cs:605)
UnityEditor.GameObjectInspector/PreviewData:UpdateGameObject (UnityEngine.Object) (at /home/bokken/buildslave/unity/build/Editor/Mono/Inspector/GameObjectInspector.cs:97)
UnityEditor.GameObjectInspector/PreviewData:.ctor (UnityEngine.Object) (at /home/bokken/buildslave/unity/build/Editor/Mono/Inspector/GameObjectInspector.cs:91)
UnityEditor.GameObjectInspector:GetPreviewData () (at /home/bokken/buildslave/unity/build/Editor/Mono/Inspector/GameObjectInspector.cs:615)
UnityEditor.GameObjectInspector:RenderStaticPreview (string,UnityEngine.Object[],int,int) (at /home/bokken/buildslave/unity/build/Editor/Mono/Inspector/GameObjectInspector.cs:860)
UnityEditor.AssetPreviewUpdater:CreatePreviewForAsset (UnityEngine.Object,UnityEngine.Object[],string) (at /home/bokken/buildslave/unity/build/Editor/Mono/AssetPreviewUpdater.cs:33)

[/home/bokken/buildslave/unity/build/Runtime/Export/Scripting/StackTrace.cs line 37]

 -> (artifact id: '2d22d2c7495865bb9bc4d9d765e31083') in 0,067745 seconds 
  Import took 0,072647 seconds .

========================================================================
Received Import Request.
  Time since last request: 312,744006 seconds.
  path: Assets/FBX/Idle.fbx
  artifactKey: Guid(5875816b718cdb4aeafb50980552f58c) Importer(815301076,1909f56bfc062723c751e8b465ee728b)
Start importing Assets/FBX/Idle.fbx using Guid(5875816b718cdb4aeafb50980552f58c) Importer(815301076,1909f56bfc062723c751e8b465ee728b)  -> (artifact id: '131a198402ca43a423f9f002a9ef5fb1') in 0,102130 seconds 
  Import took 0,105598 seconds .

========================================================================
Received Import Request.
  Time since last request: 202,872942 seconds.
  path: Assets/FBX/Running.fbx
  artifactKey: Guid(584dc89c0f6b0313099cafbd01c016b0) Importer(815301076,1909f56bfc062723c751e8b465ee728b)
Start importing Assets/FBX/Running.fbx using Guid(584dc89c0f6b0313099cafbd01c016b0) Importer(815301076,1909f56bfc062723c751e8b465ee728b)  -> (artifact id: '6b8aaafa216ed2de942da25e9d258308') in 0,093381 seconds 
  Import took 0,097787 seconds .

========================================================================
Received Import Request.
  Time since last request: 33,138646 seconds.
  path: Assets/FBX/Running.fbx
  artifactKey: Guid(584dc89c0f6b0313099cafbd01c016b0) Importer(815301076,1909f56bfc062723c751e8b465ee728b)
Start importing Assets/FBX/Running.fbx using Guid(584dc89c0f6b0313099cafbd01c016b0) Importer(815301076,1909f56bfc062723c751e8b465ee728b)  -> (artifact id: '9fd9684420805884c166615529e91a24') in 0,095567 seconds 
  Import took 0,100441 seconds .

========================================================================
Received Import Request.
  Time since last request: 6,005327 seconds.
  path: Assets/FBX/Running.fbx
  artifactKey: Guid(584dc89c0f6b0313099cafbd01c016b0) Importer(815301076,1909f56bfc062723c751e8b465ee728b)
Start importing Assets/FBX/Running.fbx using Guid(584dc89c0f6b0313099cafbd01c016b0) Importer(815301076,1909f56bfc062723c751e8b465ee728b)  -> (artifact id: '5eec04bf894cff886393820457f4a41c') in 0,088637 seconds 
  Import took 0,091943 seconds .

========================================================================
Received Prepare
Registering precompiled user dll's ...
Registered in 0,003593 seconds.
Begin MonoManager ReloadAssembly
Native extension for LinuxStandalone target not found
Native extension for WindowsStandalone target not found
Native extension for WebGL target not found
Refreshing native plugins compatible for Editor in 0,38 ms, found 0 plugins.
Preloading 0 native plugins for Editor in 0,00 ms.
Mono: successfully reloaded assembly
- Completed reload, in  1,088 seconds
Platform modules already initialized, skipping
Refreshing native plugins compatible for Editor in 0,34 ms, found 0 plugins.
Preloading 0 native plugins for Editor in 0,00 ms.
Unloading 1380 Unused Serialized files (Serialized files now loaded: 0)
System memory in use before: 61,8 MB.
System memory in use after: 61,8 MB.

Unloading 13 unused Assets to reduce memory usage. Loaded Objects now: 1883.
Total: 2,678214 ms (FindLiveObjects: 0,163843 ms CreateObjectMapping: 0,045689 ms MarkObjects: 2,398987 ms  DeleteObjects: 0,068190 ms)

AssetImportParameters requested are different than current active one (requested -> active):
  custom:video-decoder-ogg-theora: a1e56fd34408186e4bbccfd4996cb3dc -> 
  custom:container-muxer-webm: aa71ff27fc2769a1b78a27578f13a17b -> 
  custom:container-demuxer-webm: 4f35f7cbe854078d1ac9338744f61a02 -> 
  custom:container-demuxer-ogg: 62fdf1f143b41e24485cea50d1cbac27 -> 
  custom:video-encoder-webm-vp8: eb34c28f22e8b96e1ab97ce403110664 -> 
  custom:video-decoder-webm-vp8: 9c59270c3fd7afecdb556c50c9e8de78 -> 
  custom:audio-decoder-ogg-vorbis: bf7c407c2cedff20999df2af8eb42d56 -> 
  custom:audio-encoder-webm-vorbis: bf7c407c2cedff20999df2af8eb42d56 -> 
========================================================================
Received Prepare
Registering precompiled user dll's ...
Registered in 0,002487 seconds.
Begin MonoManager ReloadAssembly
Native extension for LinuxStandalone target not found
Native extension for WindowsStandalone target not found
Native extension for WebGL target not found
Refreshing native plugins compatible for Editor in 0,33 ms, found 0 plugins.
Preloading 0 native plugins for Editor in 0,00 ms.
Mono: successfully reloaded assembly
- Completed reload, in  1,052 seconds
Platform modules already initialized, skipping
Refreshing native plugins compatible for Editor in 0,63 ms, found 0 plugins.
Preloading 0 native plugins for Editor in 0,00 ms.
Unloading 1380 Unused Serialized files (Serialized files now loaded: 0)
System memory in use before: 61,8 MB.
System memory in use after: 61,9 MB.

Unloading 13 unused Assets to reduce memory usage. Loaded Objects now: 1886.
Total: 2,789450 ms (FindLiveObjects: 0,182391 ms CreateObjectMapping: 0,046967 ms MarkObjects: 2,499578 ms  DeleteObjects: 0,058851 ms)

AssetImportParameters requested are different than current active one (requested -> active):
  custom:video-decoder-ogg-theora: a1e56fd34408186e4bbccfd4996cb3dc -> 
  custom:container-muxer-webm: aa71ff27fc2769a1b78a27578f13a17b -> 
  custom:container-demuxer-webm: 4f35f7cbe854078d1ac9338744f61a02 -> 
  custom:container-demuxer-ogg: 62fdf1f143b41e24485cea50d1cbac27 -> 
  custom:video-encoder-webm-vp8: eb34c28f22e8b96e1ab97ce403110664 -> 
  custom:video-decoder-webm-vp8: 9c59270c3fd7afecdb556c50c9e8de78 -> 
  custom:audio-decoder-ogg-vorbis: bf7c407c2cedff20999df2af8eb42d56 -> 
  custom:audio-encoder-webm-vorbis: bf7c407c2cedff20999df2af8eb42d56 -> 
AssetImportWorkerClient::OnTransportError - code=2 error=End of file
